1626733967044	geckodriver	INFO	Listening on 127.0.0.1:36269
1626733968047	mozrunner::runner	INFO	Running command: "/usr/bin/firefox" "--marionette" "--headless" "-foreground" "-no-remote" "-profile" "/tmp/rust_mozprofileWnYdSx"
*** You are running in headless mode.
[GFX1-]: glxtest: libEGL initialize failed
[GFX1-]: glxtest: Unable to open a connection to the X server
[GFX1-]: glxtest: libEGL initialize failed
1626733968392	Marionette	INFO	Marionette enabled

(/usr/lib/firefox/firefox:114301): GLib-GObject-CRITICAL **: 15:32:48.667: g_object_set: assertion 'G_IS_OBJECT (object)' failed

(/usr/lib/firefox/firefox:114324): GLib-GObject-CRITICAL **: 15:32:48.732: g_object_set: assertion 'G_IS_OBJECT (object)' failed
console.warn: SearchSettings: "get: No settings file exists, new profile?" (new Error("", "(unknown module)"))
1626733969391	Marionette	INFO	Listening on port 41995
1626733969463	Marionette	WARN	TLS certificate errors will be ignored for this session

(/usr/lib/firefox/firefox:114406): GLib-GObject-CRITICAL **: 15:32:49.559: g_object_set: assertion 'G_IS_OBJECT (object)' failed

(/usr/lib/firefox/firefox:114441): GLib-GObject-CRITICAL **: 15:32:49.683: g_object_set: assertion 'G_IS_OBJECT (object)' failed
1626733974164	Marionette	INFO	Stopped listening on port 41995

###!!! [Parent][RunMessage] Error: Channel closing: too late to send/recv, messages will be lost

1626734399649	geckodriver	INFO	Listening on 127.0.0.1:40137
1626734400653	mozrunner::runner	INFO	Running command: "/usr/bin/firefox" "--marionette" "--headless" "-foreground" "-no-remote" "-profile" "/tmp/rust_mozprofileLsT0Ib"
*** You are running in headless mode.
[GFX1-]: glxtest: libEGL initialize failed
[GFX1-]: glxtest: Unable to open a connection to the X server
[GFX1-]: glxtest: libEGL initialize failed
1626734400862	Marionette	INFO	Marionette enabled

(/usr/lib/firefox/firefox:116187): GLib-GObject-CRITICAL **: 15:40:01.126: g_object_set: assertion 'G_IS_OBJECT (object)' failed

(/usr/lib/firefox/firefox:116207): GLib-GObject-CRITICAL **: 15:40:01.188: g_object_set: assertion 'G_IS_OBJECT (object)' failed
console.warn: SearchSettings: "get: No settings file exists, new profile?" (new Error("", "(unknown module)"))
1626734401726	Marionette	INFO	Listening on port 43159
1626734401769	Marionette	WARN	TLS certificate errors will be ignored for this session

(/usr/lib/firefox/firefox:116281): GLib-GObject-CRITICAL **: 15:40:01.866: g_object_set: assertion 'G_IS_OBJECT (object)' failed

(/usr/lib/firefox/firefox:116325): GLib-GObject-CRITICAL **: 15:40:02.121: g_object_set: assertion 'G_IS_OBJECT (object)' failed
1626734408470	Marionette	INFO	Stopped listening on port 43159
1626734649053	geckodriver	INFO	Listening on 127.0.0.1:33465
1626734650057	mozrunner::runner	INFO	Running command: "/usr/bin/firefox" "--marionette" "--headless" "-foreground" "-no-remote" "-profile" "/tmp/rust_mozprofileRvYZSH"
*** You are running in headless mode.
[GFX1-]: glxtest: libEGL initialize failed
[GFX1-]: glxtest: Unable to open a connection to the X server
[GFX1-]: glxtest: libEGL initialize failed
1626734650271	Marionette	INFO	Marionette enabled

(/usr/lib/firefox/firefox:117437): GLib-GObject-CRITICAL **: 15:44:10.540: g_object_set: assertion 'G_IS_OBJECT (object)' failed

(/usr/lib/firefox/firefox:117463): GLib-GObject-CRITICAL **: 15:44:10.603: g_object_set: assertion 'G_IS_OBJECT (object)' failed
console.warn: SearchSettings: "get: No settings file exists, new profile?" (new Error("", "(unknown module)"))
1626734651159	Marionette	INFO	Listening on port 39449
1626734651273	Marionette	WARN	TLS certificate errors will be ignored for this session

(/usr/lib/firefox/firefox:117541): GLib-GObject-CRITICAL **: 15:44:11.371: g_object_set: assertion 'G_IS_OBJECT (object)' failed

(/usr/lib/firefox/firefox:117576): GLib-GObject-CRITICAL **: 15:44:11.530: g_object_set: assertion 'G_IS_OBJECT (object)' failed
1626734659603	Marionette	INFO	Stopped listening on port 39449
